build/outputs/logs/manifest-merger-debug-report.txt
-- Merging decision tree log ---
manifest
ADDED from Android\Health Mate\AndroidManifest.xml:2:1-45:12
INJECTED from Android\Health Mate\AndroidManifest.xml:2:1-45:12
INJECTED from Android\Health Mate\AndroidManifest.xml:2:1-45:12
MERGED from [androidx.cardview:cardview:1.0.0] AndroidManifest.xml:17:1-22:12
MERGED from [com.jakewharton:butterknife:8.5.1] AndroidManifest.xml:2:1-7:12
MERGED from [com.android.support:appcompat-v7:28.0.0] AndroidManifest.xml:17:1-22:12
MERGED from [com.android.support.constraint:constraint-layout:1.1.3] AndroidManifest.xml:2:1-11:12
MERGED from [com.android.support:support-fragment:28.0.0] AndroidManifest.xml:17:1-22:12
MERGED from [com.android.support:animated-vector-drawable:28.0.0] AndroidManifest.xml:17:1-22:12
MERGED from [com.android.support:support-core-ui:28.0.0] AndroidManifest.xml:17:1-22:12
MERGED from [com.android.support:support-core-utils:28.0.0] AndroidManifest.xml:17:1-22:12
MERGED from [com.android.support:support-vector-drawable:28.0.0] AndroidManifest.xml:17:1-22:12
MERGED from [com.android.support:loader:28.0.0] AndroidManifest.xml:17:1-22:12
MERGED from [com.android.support:viewpager:28.0.0] AndroidManifest.xml:17:1-22:12
MERGED from [com.android.support:coordinatorlayout:28.0.0] AndroidManifest.xml:17:1-22:12
MERGED from [com.android.support:drawerlayout:28.0.0] AndroidManifest.xml:17:1-22:12
MERGED from [com.android.support:slidingpanelayout:28.0.0] AndroidManifest.xml:17:1-22:12
MERGED from [com.android.support:customview:28.0.0] AndroidManifest.xml:17:1-22:12
MERGED from [com.android.support:swiperefreshlayout:28.0.0] AndroidManifest.xml:17:1-22:12
MERGED from [com.android.support:asynclayoutinflater:28.0.0] AndroidManifest.xml:17:1-22:12
MERGED from [com.android.support:support-compat:28.0.0] AndroidManifest.xml:17:1-24:12
MERGED from [com.android.support:versionedparcelable:28.0.0] AndroidManifest.xml:17:1-25:12
MERGED from [com.android.support:cursoradapter:28.0.0] AndroidManifest.xml:17:1-22:12
MERGED from [com.android.support:documentfile:28.0.0] AndroidManifest.xml:17:1-22:12
MERGED from [com.android.support:localbroadcastmanager:28.0.0] AndroidManifest.xml:17:1-22:12
MERGED from [com.android.support:print:28.0.0] AndroidManifest.xml:17:1-22:12
MERGED from [android.arch.lifecycle:viewmodel:1.1.1] AndroidManifest.xml:17:1-22:12
MERGED from [com.android.support:interpolator:28.0.0] AndroidManifest.xml:17:1-22:12
MERGED from [android.arch.lifecycle:livedata:1.1.1] AndroidManifest.xml:17:1-22:12
MERGED from [android.arch.lifecycle:livedata-core:1.1.1] AndroidManifest.xml:17:1-22:12
MERGED from [android.arch.core:runtime:1.1.1] AndroidManifest.xml:17:1-22:12
MERGED from [android.arch.lifecycle:runtime:1.1.1] AndroidManifest.xml:17:1-22:12
INJECTED from Android\Health Mate\AndroidManifest.xml:2:1-45:12
INJECTED from Android\Health Mate\AndroidManifest.xml:2:1-45:12
	package
		ADDED from Android\Health Mate\AndroidManifest.xml:3:5-47
	android:versionName
		ADDED from Android\Health Mate\AndroidManifest.xml:5:5-30
		INJECTED from Android\Health Mate\AndroidManifest.xml
		INJECTED from Android\Health Mate\AndroidManifest.xml
	xmlns:android
		ADDED from Android\Health Mate\AndroidManifest.xml:2:11-69
	android:versionCode
		ADDED from Android\Health Mate\AndroidManifest.xml:4:5-28
		INJECTED from Android\Health Mate\AndroidManifest.xml
		INJECTED from Android\Health Mate\AndroidManifest.xml
application
ADDED from Android\Health Mate\AndroidManifest.xml:7:5-41:19
MERGED from [com.android.support.constraint:constraint-layout:1.1.3] AndroidManifest.xml:9:5-20
MERGED from [com.android.support.constraint:constraint-layout:1.1.3] AndroidManifest.xml:9:5-20
MERGED from [com.android.support:support-compat:28.0.0] AndroidManifest.xml:22:5-94
MERGED from [com.android.support:support-compat:28.0.0] AndroidManifest.xml:22:5-94
MERGED from [com.android.support:versionedparcelable:28.0.0] AndroidManifest.xml:22:5-23:19
MERGED from [com.android.support:versionedparcelable:28.0.0] AndroidManifest.xml:22:5-23:19
	android:appComponentFactory
		ADDED from [com.android.support:support-compat:28.0.0] AndroidManifest.xml:22:18-91
	android:label
		ADDED from Android\Health Mate\AndroidManifest.xml:10:9-41
	android:icon
		ADDED from Android\Health Mate\AndroidManifest.xml:9:9-39
	android:allowBackup
		ADDED from Android\Health Mate\AndroidManifest.xml:8:9-35
	android:theme
		ADDED from Android\Health Mate\AndroidManifest.xml:11:9-40
activity#com.samsung.android.simplehealth.WeightDetails
ADDED from Android\Health Mate\AndroidManifest.xml:12:9-14:54
	android:theme
		ADDED from Android\Health Mate\AndroidManifest.xml:14:13-51
	android:name
		ADDED from Android\Health Mate\AndroidManifest.xml:13:13-42
activity#com.samsung.android.simplehealth.GlucoseDetails
ADDED from Android\Health Mate\AndroidManifest.xml:15:9-17:54
	android:theme
		ADDED from Android\Health Mate\AndroidManifest.xml:17:13-51
	android:name
		ADDED from Android\Health Mate\AndroidManifest.xml:16:13-43
activity#com.samsung.android.simplehealth.WaterIntakeDetails
ADDED from Android\Health Mate\AndroidManifest.xml:18:9-20:54
	android:theme
		ADDED from Android\Health Mate\AndroidManifest.xml:20:13-51
	android:name
		ADDED from Android\Health Mate\AndroidManifest.xml:19:13-47
activity#com.samsung.android.simplehealth.HeartRateDetails
ADDED from Android\Health Mate\AndroidManifest.xml:21:9-23:54
	android:theme
		ADDED from Android\Health Mate\AndroidManifest.xml:23:13-51
	android:name
		ADDED from Android\Health Mate\AndroidManifest.xml:22:13-45
activity#com.samsung.android.simplehealth.StepDetails
ADDED from Android\Health Mate\AndroidManifest.xml:24:9-26:54
	android:theme
		ADDED from Android\Health Mate\AndroidManifest.xml:26:13-51
	android:name
		ADDED from Android\Health Mate\AndroidManifest.xml:25:13-40
activity#com.samsung.android.simplehealth.MainActivity
ADDED from Android\Health Mate\AndroidManifest.xml:27:9-36:20
	android:screenOrientation
		ADDED from Android\Health Mate\AndroidManifest.xml:30:13-49
	android:label
		ADDED from Android\Health Mate\AndroidManifest.xml:29:13-45
	android:name
		ADDED from Android\Health Mate\AndroidManifest.xml:28:13-41
intent-filter#action:name:android.intent.action.MAIN+category:name:android.intent.category.LAUNCHER
ADDED from Android\Health Mate\AndroidManifest.xml:31:13-35:29
action#android.intent.action.MAIN
ADDED from Android\Health Mate\AndroidManifest.xml:32:17-69
	android:name
		ADDED from Android\Health Mate\AndroidManifest.xml:32:25-66
category#android.intent.category.LAUNCHER
ADDED from Android\Health Mate\AndroidManifest.xml:34:17-77
	android:name
		ADDED from Android\Health Mate\AndroidManifest.xml:34:27-74
meta-data#com.samsung.android.health.permission.read
ADDED from Android\Health Mate\AndroidManifest.xml:38:9-40:157
	android:value
		ADDED from Android\Health Mate\AndroidManifest.xml:40:13-154
	android:name
		ADDED from Android\Health Mate\AndroidManifest.xml:39:13-70
uses-permission#android.permission.INTERNET
ADDED from Android\Health Mate\AndroidManifest.xml:43:5-67
	android:name
		ADDED from Android\Health Mate\AndroidManifest.xml:43:22-64
uses-sdk
INJECTED from Android\Health Mate\AndroidManifest.xml reason: use-sdk injection requested
INJECTED from Android\Health Mate\AndroidManifest.xml
INJECTED from Android\Health Mate\AndroidManifest.xml
MERGED from [androidx.cardview:cardview:1.0.0] AndroidManifest.xml:20:5-44
MERGED from [androidx.cardview:cardview:1.0.0] AndroidManifest.xml:20:5-44
MERGED from [com.jakewharton:butterknife:8.5.1] AndroidManifest.xml:5:5-43
MERGED from [com.jakewharton:butterknife:8.5.1] AndroidManifest.xml:5:5-43
MERGED from [com.android.support:appcompat-v7:28.0.0] AndroidManifest.xml:20:5-44
MERGED from [com.android.support:appcompat-v7:28.0.0] AndroidManifest.xml:20:5-44
MERGED from [com.android.support.constraint:constraint-layout:1.1.3] AndroidManifest.xml:5:5-7:41
MERGED from [com.android.support.constraint:constraint-layout:1.1.3] AndroidManifest.xml:5:5-7:41
MERGED from [com.android.support:support-fragment:28.0.0] AndroidManifest.xml:20:5-44
MERGED from [com.android.support:support-fragment:28.0.0] AndroidManifest.xml:20:5-44
MERGED from [com.android.support:animated-vector-drawable:28.0.0] AndroidManifest.xml:20:5-44
MERGED from [com.android.support:animated-vector-drawable:28.0.0] AndroidManifest.xml:20:5-44
MERGED from [com.android.support:support-core-ui:28.0.0] AndroidManifest.xml:20:5-44
MERGED from [com.android.support:support-core-ui:28.0.0] AndroidManifest.xml:20:5-44
MERGED from [com.android.support:support-core-utils:28.0.0] AndroidManifest.xml:20:5-44
MERGED from [com.android.support:support-core-utils:28.0.0] AndroidManifest.xml:20:5-44
MERGED from [com.android.support:support-vector-drawable:28.0.0] AndroidManifest.xml:20:5-44
MERGED from [com.android.support:support-vector-drawable:28.0.0] AndroidManifest.xml:20:5-44
MERGED from [com.android.support:loader:28.0.0] AndroidManifest.xml:20:5-44
MERGED from [com.android.support:loader:28.0.0] AndroidManifest.xml:20:5-44
MERGED from [com.android.support:viewpager:28.0.0] AndroidManifest.xml:20:5-44
MERGED from [com.android.support:viewpager:28.0.0] AndroidManifest.xml:20:5-44
MERGED from [com.android.support:coordinatorlayout:28.0.0] AndroidManifest.xml:20:5-44
MERGED from [com.android.support:coordinatorlayout:28.0.0] AndroidManifest.xml:20:5-44
MERGED from [com.android.support:drawerlayout:28.0.0] AndroidManifest.xml:20:5-44
MERGED from [com.android.support:drawerlayout:28.0.0] AndroidManifest.xml:20:5-44
MERGED from [com.android.support:slidingpanelayout:28.0.0] AndroidManifest.xml:20:5-44
MERGED from [com.android.support:slidingpanelayout:28.0.0] AndroidManifest.xml:20:5-44
MERGED from [com.android.support:customview:28.0.0] AndroidManifest.xml:20:5-44
MERGED from [com.android.support:customview:28.0.0] AndroidManifest.xml:20:5-44
MERGED from [com.android.support:swiperefreshlayout:28.0.0] AndroidManifest.xml:20:5-44
MERGED from [com.android.support:swiperefreshlayout:28.0.0] AndroidManifest.xml:20:5-44
MERGED from [com.android.support:asynclayoutinflater:28.0.0] AndroidManifest.xml:20:5-44
MERGED from [com.android.support:asynclayoutinflater:28.0.0] AndroidManifest.xml:20:5-44
MERGED from [com.android.support:support-compat:28.0.0] AndroidManifest.xml:20:5-44
MERGED from [com.android.support:support-compat:28.0.0] AndroidManifest.xml:20:5-44
MERGED from [com.android.support:versionedparcelable:28.0.0] AndroidManifest.xml:20:5-44
MERGED from [com.android.support:versionedparcelable:28.0.0] AndroidManifest.xml:20:5-44
MERGED from [com.android.support:cursoradapter:28.0.0] AndroidManifest.xml:20:5-44
MERGED from [com.android.support:cursoradapter:28.0.0] AndroidManifest.xml:20:5-44
MERGED from [com.android.support:documentfile:28.0.0] AndroidManifest.xml:20:5-44
MERGED from [com.android.support:documentfile:28.0.0] AndroidManifest.xml:20:5-44
MERGED from [com.android.support:localbroadcastmanager:28.0.0] AndroidManifest.xml:20:5-44
MERGED from [com.android.support:localbroadcastmanager:28.0.0] AndroidManifest.xml:20:5-44
MERGED from [com.android.support:print:28.0.0] AndroidManifest.xml:20:5-44
MERGED from [com.android.support:print:28.0.0] AndroidManifest.xml:20:5-44
MERGED from [android.arch.lifecycle:viewmodel:1.1.1] AndroidManifest.xml:20:5-44
MERGED from [android.arch.lifecycle:viewmodel:1.1.1] AndroidManifest.xml:20:5-44
MERGED from [com.android.support:interpolator:28.0.0] AndroidManifest.xml:20:5-44
MERGED from [com.android.support:interpolator:28.0.0] AndroidManifest.xml:20:5-44
MERGED from [android.arch.lifecycle:livedata:1.1.1] AndroidManifest.xml:20:5-44
MERGED from [android.arch.lifecycle:livedata:1.1.1] AndroidManifest.xml:20:5-44
MERGED from [android.arch.lifecycle:livedata-core:1.1.1] AndroidManifest.xml:20:5-44
MERGED from [android.arch.lifecycle:livedata-core:1.1.1] AndroidManifest.xml:20:5-44
MERGED from [android.arch.core:runtime:1.1.1] AndroidManifest.xml:20:5-44
MERGED from [android.arch.core:runtime:1.1.1] AndroidManifest.xml:20:5-44
MERGED from [android.arch.lifecycle:runtime:1.1.1] AndroidManifest.xml:20:5-44
MERGED from [android.arch.lifecycle:runtime:1.1.1] AndroidManifest.xml:20:5-44
INJECTED from Android\Health Mate\AndroidManifest.xml
INJECTED from Android\Health Mate\AndroidManifest.xml
	android:targetSdkVersion
		INJECTED from Android\Health Mate\AndroidManifest.xml
		ADDED from Android\Health Mate\AndroidManifest.xml
		INJECTED from Android\Health Mate\AndroidManifest.xml
	android:minSdkVersion
		INJECTED from Android\Health Mate\AndroidManifest.xml
		ADDED from Android\Health Mate\AndroidManifest.xml
		INJECTED from Android\Health Mate\AndroidManifest.xml